# JRE version: Java(TM) SE Runtime Environment (9.0+11) (build 9.0.4+11)
# Java VM: Java HotSpot(TM) 64-Bit Server VM (9.0.4+11, mixed mode, tiered, compressed oops, g1 gc, windows-amd64)
Heap:
 garbage-first heap   total 313344K, used 103679K [0x0000000700000000, 0x0000000700100990, 0x00000007c0000000)
  region size 1024K, 10 young (10240K), 0 survivors (0K)
 Metaspace       used 85717K, capacity 92161K, committed 92416K, reserved 1128448K
  class space    used 11931K, capacity 13045K, committed 13056K, reserved 1048576K
GC Heap History (10 events):
Event: 507.422 GC heap before
{Heap before GC invocations=137 (full 21):
 garbage-first heap   total 313344K, used 155694K [0x0000000700000000, 0x0000000700100990, 0x00000007c0000000)
  region size 1024K, 60 young (61440K), 0 survivors (0K)
 Metaspace       used 85586K, capacity 91995K, committed 92160K, reserved 1128448K
  class space    used 11923K, capacity 13012K, committed 13056K, reserved 1048576K
}
Event: 507.428 GC heap after
{Heap after GC invocations=138 (full 21):
 garbage-first heap   total 313344K, used 94848K [0x0000000700000000, 0x0000000700100990, 0x00000007c0000000)
  region size 1024K, 1 young (1024K), 1 survivors (1024K)
 Metaspace       used 85586K, capacity 91995K, committed 92160K, reserved 1128448K
  class space    used 11923K, capacity 13012K, committed 13056K, reserved 1048576K
}
Event: 511.864 GC heap before
{Heap before GC invocations=138 (full 21):
 garbage-first heap   total 313344K, used 155264K [0x0000000700000000, 0x0000000700100990, 0x00000007c0000000)
  region size 1024K, 60 young (61440K), 1 survivors (1024K)
 Metaspace       used 85600K, capacity 91995K, committed 92160K, reserved 1128448K
  class space    used 11923K, capacity 13012K, committed 13056K, reserved 1048576K
}
Event: 511.880 GC heap after
{Heap after GC invocations=139 (full 21):
 garbage-first heap   total 313344K, used 95387K [0x0000000700000000, 0x0000000700100990, 0x00000007c0000000)
  region size 1024K, 2 young (2048K), 2 survivors (2048K)
 Metaspace       used 85600K, capacity 91995K, committed 92160K, reserved 1128448K
  class space    used 11923K, capacity 13012K, committed 13056K, reserved 1048576K
}
Event: 514.523 GC heap before
{Heap before GC invocations=139 (full 21):
 garbage-first heap   total 313344K, used 154779K [0x0000000700000000, 0x0000000700100990, 0x00000007c0000000)
  region size 1024K, 60 young (61440K), 2 survivors (2048K)
 Metaspace       used 85615K, capacity 91995K, committed 92160K, reserved 1128448K
  class space    used 11923K, capacity 13012K, committed 13056K, reserved 1048576K
}
Event: 514.546 GC heap after
{Heap after GC invocations=140 (full 21):
 garbage-first heap   total 313344K, used 94935K [0x0000000700000000, 0x0000000700100990, 0x00000007c0000000)
  region size 1024K, 1 young (1024K), 1 survivors (1024K)
 Metaspace       used 85615K, capacity 91995K, committed 92160K, reserved 1128448K
  class space    used 11923K, capacity 13012K, committed 13056K, reserved 1048576K
}
Event: 520.171 GC heap before
{Heap before GC invocations=140 (full 21):
 garbage-first heap   total 313344K, used 155351K [0x0000000700000000, 0x0000000700100990, 0x00000007c0000000)
  region size 1024K, 60 young (61440K), 1 survivors (1024K)
 Metaspace       used 85702K, capacity 92097K, committed 92160K, reserved 1128448K
  class space    used 11931K, capacity 13045K, committed 13056K, reserved 1048576K
}
Event: 520.272 GC heap after
{Heap after GC invocations=141 (full 21):
 garbage-first heap   total 313344K, used 95338K [0x0000000700000000, 0x0000000700100990, 0x00000007c0000000)
  region size 1024K, 2 young (2048K), 2 survivors (2048K)
 Metaspace       used 85702K, capacity 92097K, committed 92160K, reserved 1128448K
  class space    used 11931K, capacity 13045K, committed 13056K, reserved 1048576K
}
Event: 526.507 GC heap before
{Heap before GC invocations=141 (full 21):
 garbage-first heap   total 313344K, used 107626K [0x0000000700000000, 0x0000000700100990, 0x00000007c0000000)
  region size 1024K, 15 young (15360K), 2 survivors (2048K)
 Metaspace       used 85707K, capacity 92097K, committed 92160K, reserved 1128448K
  class space    used 11931K, capacity 13045K, committed 13056K, reserved 1048576K
}
Event: 529.589 GC heap after
{Heap after GC invocations=142 (full 22):
 garbage-first heap   total 313344K, used 94463K [0x0000000700000000, 0x0000000700100990, 0x00000007c0000000)
  region size 1024K, 0 young (0K), 0 survivors (0K)
 Metaspace       used 85707K, capacity 92097K, committed 92160K, reserved 1128448K
  class space    used 11931K, capacity 13045K, committed 13056K, reserved 1048576K
}

